<?xml version="1.0" encoding="UTF-8"?>
<!-- Generated by org.testng.reporters.JUnitReportReporter -->
<testsuite skipped="0" hostname="LAPTOP-DGHGSVF1" name="model.LoanTest" tests="12" failures="0" timestamp="25 Apr 2023 07:40:15 GMT" time="0.289" errors="0">
  <testcase name="testSetAmount" time="0.024" classname="model.LoanTest"/>
  <testcase name="testIsStatus" time="0.024" classname="model.LoanTest"/>
  <testcase name="testSetBegin_date" time="0.024" classname="model.LoanTest"/>
  <testcase name="testSetStatus" time="0.025" classname="model.LoanTest"/>
  <testcase name="testGetBegin_date" time="0.023" classname="model.LoanTest"/>
  <testcase name="testGetId" time="0.024" classname="model.LoanTest"/>
  <testcase name="testGetAmount" time="0.024" classname="model.LoanTest"/>
  <testcase name="testSetInterestDetail" time="0.024" classname="model.LoanTest"/>
  <testcase name="testSetId" time="0.024" classname="model.LoanTest"/>
  <testcase name="testGetBankAccount" time="0.025" classname="model.LoanTest"/>
  <testcase name="testSetBankAccount" time="0.024" classname="model.LoanTest"/>
  <testcase name="testGetInterestDetail" time="0.024" classname="model.LoanTest"/>
</testsuite> <!-- model.LoanTest -->
