<?xml version="1.0" encoding="UTF-8"?>
<!-- Generated by org.testng.reporters.JUnitReportReporter -->
<testsuite skipped="0" hostname="LAPTOP-DGHGSVF1" name="model.InterestDetailTest" tests="12" failures="0" timestamp="25 Apr 2023 07:40:15 GMT" time="0.012" errors="0">
  <testcase name="testGetAdmin" time="0.001" classname="model.InterestDetailTest"/>
  <testcase name="testSetId" time="0.001" classname="model.InterestDetailTest"/>
  <testcase name="testSetRate" time="0.001" classname="model.InterestDetailTest"/>
  <testcase name="testSetStatus" time="0.001" classname="model.InterestDetailTest"/>
  <testcase name="testGetStatus" time="0.001" classname="model.InterestDetailTest"/>
  <testcase name="testSetLoanType" time="0.001" classname="model.InterestDetailTest"/>
  <testcase name="testGetTenor" time="0.001" classname="model.InterestDetailTest"/>
  <testcase name="testSetAdmin" time="0.001" classname="model.InterestDetailTest"/>
  <testcase name="testSetTenor" time="0.001" classname="model.InterestDetailTest"/>
  <testcase name="testGetId" time="0.001" classname="model.InterestDetailTest"/>
  <testcase name="testGetRate" time="0.001" classname="model.InterestDetailTest"/>
  <testcase name="testIsLoanType" time="0.001" classname="model.InterestDetailTest"/>
</testsuite> <!-- model.InterestDetailTest -->
