<?xml version="1.0" encoding="UTF-8"?>
<!-- Generated by org.testng.reporters.JUnitReportReporter -->
<testsuite skipped="0" hostname="LAPTOP-DGHGSVF1" name="model.BankAccountTest" tests="8" failures="0" timestamp="25 Apr 2023 07:40:15 GMT" time="0.006" errors="0">
  <testcase name="testSetId" time="0.000" classname="model.BankAccountTest"/>
  <testcase name="testSetNumber" time="0.001" classname="model.BankAccountTest"/>
  <testcase name="testGetBalance" time="0.001" classname="model.BankAccountTest"/>
  <testcase name="testGetNumber" time="0.001" classname="model.BankAccountTest"/>
  <testcase name="testSetCustomer" time="0.001" classname="model.BankAccountTest"/>
  <testcase name="testGetId" time="0.000" classname="model.BankAccountTest"/>
  <testcase name="testSetBalance" time="0.001" classname="model.BankAccountTest"/>
  <testcase name="testGetCustomer" time="0.001" classname="model.BankAccountTest"/>
</testsuite> <!-- model.BankAccountTest -->
