<?xml version="1.0" encoding="UTF-8"?>
<!-- Generated by org.testng.reporters.JUnitReportReporter -->
<testsuite skipped="0" hostname="LAPTOP-DGHGSVF1" name="DAO.DatabaseConnectionTest" tests="1" failures="0" timestamp="25 Apr 2023 07:40:15 GMT" time="0.011" errors="0">
  <testcase name="testGetDatabaseConnection" time="0.011" classname="DAO.DatabaseConnectionTest"/>
</testsuite> <!-- DAO.DatabaseConnectionTest -->
