<?xml version="1.0" encoding="UTF-8"?>
<!-- Generated by org.testng.reporters.JUnitReportReporter -->
<testsuite skipped="0" hostname="LAPTOP-DGHGSVF1" name="DAO.DAOTest" tests="38" failures="0" timestamp="25 Apr 2023 07:40:15 GMT" time="40.468" errors="0">
  <testcase name="testGetPaymentById2" time="1.231" classname="DAO.DAOTest"/>
  <testcase name="testGetAdminByID" time="1.254" classname="DAO.DAOTest"/>
  <testcase name="testGetPaymentById" time="1.219" classname="DAO.DAOTest"/>
  <testcase name="testAddBankAccount2" time="1.280" classname="DAO.DAOTest"/>
  <testcase name="testGetInterestDetailAvailableByLoanTypeAndTenor2" time="1.324" classname="DAO.DAOTest"/>
  <testcase name="testAddCustomer" time="0.950" classname="DAO.DAOTest"/>
  <testcase name="testGetInterestDetailAvailableByLoanTypeAndTenor" time="1.362" classname="DAO.DAOTest"/>
  <testcase name="testUpdateBankAccount2" time="1.202" classname="DAO.DAOTest"/>
  <testcase name="testGetBankAccountByID2" time="0.907" classname="DAO.DAOTest"/>
  <testcase name="testGetCustomerByUsername" time="1.040" classname="DAO.DAOTest"/>
  <testcase name="testUpdateLoan" time="1.029" classname="DAO.DAOTest"/>
  <testcase name="testGetLoanByBankAccountID" time="1.300" classname="DAO.DAOTest"/>
  <testcase name="testGetBankAccountByNumber2" time="0.894" classname="DAO.DAOTest"/>
  <testcase name="testGetLoanByID" time="0.972" classname="DAO.DAOTest"/>
  <testcase name="testGetBankAccountByCustomer2" time="1.189" classname="DAO.DAOTest"/>
  <testcase name="testGetCustomerByID2" time="1.160" classname="DAO.DAOTest"/>
  <testcase name="testUpdatePaymentFineById" time="1.117" classname="DAO.DAOTest"/>
  <testcase name="testAddBankAccount" time="0.881" classname="DAO.DAOTest"/>
  <testcase name="testAddCustomer2" time="0.746" classname="DAO.DAOTest"/>
  <testcase name="testGetBankAccountByNumber" time="0.989" classname="DAO.DAOTest"/>
  <testcase name="testCheckID_Card2" time="1.311" classname="DAO.DAOTest"/>
  <testcase name="testGetCustomerByID" time="0.726" classname="DAO.DAOTest"/>
  <testcase name="testGetInterestDetailByID" time="1.055" classname="DAO.DAOTest"/>
  <testcase name="testGetCustomer" time="1.374" classname="DAO.DAOTest"/>
  <testcase name="testGetLoanByID2" time="0.837" classname="DAO.DAOTest"/>
  <testcase name="testGetPaymentByLoanID" time="0.794" classname="DAO.DAOTest"/>
  <testcase name="testGetCustomerByUsername2" time="1.242" classname="DAO.DAOTest"/>
  <testcase name="testAddInterest" time="0.928" classname="DAO.DAOTest"/>
  <testcase name="testGetAdminByID2" time="0.703" classname="DAO.DAOTest"/>
  <testcase name="testAddPayments" time="1.146" classname="DAO.DAOTest"/>
  <testcase name="testCheckID_Card" time="1.349" classname="DAO.DAOTest"/>
  <testcase name="testGetInterestDetailByID2" time="1.337" classname="DAO.DAOTest"/>
  <testcase name="testGetCustomer2" time="0.811" classname="DAO.DAOTest"/>
  <testcase name="testGetBankAccountByCustomer" time="0.688" classname="DAO.DAOTest"/>
  <testcase name="testAddLoan" time="0.861" classname="DAO.DAOTest"/>
  <testcase name="testUpdatePayment" time="1.076" classname="DAO.DAOTest"/>
  <testcase name="testGetBankAccountByID" time="1.007" classname="DAO.DAOTest"/>
  <testcase name="testUpdateBankAccount" time="1.177" classname="DAO.DAOTest"/>
</testsuite> <!-- DAO.DAOTest -->
